Using pre-set license
Built from '2021.3/staging' branch; Version is '2021.3.22f1 (b6c551784ba3) revision 11978065'; Using compiler version '192829333'; Build Type 'Release'
OS: 'Windows 10  (10.0.19045) 64bit Core' Language: 'en' Physical Memory: 16318 MB
BatchMode: 1, IsHumanControllingUs: 0, StartBugReporterOnCrash: 0, Is64bit: 1, IsPro: 1

COMMAND LINE ARGUMENTS:
E:\UnityHub\Unity Editor\2021.3.22f1\Editor\Unity.exe
-adb2
-batchMode
-noUpm
-name
AssetImportWorker3
-projectPath
E:/UnityHub/Projects/Demise
-logFile
Logs/AssetImportWorker3.log
-srvPort
53692
Successfully changed project path to: E:/UnityHub/Projects/Demise
E:/UnityHub/Projects/Demise
[UnityMemory] Configuration Parameters - Can be set up in boot.config
    "memorysetup-bucket-allocator-granularity=16"
    "memorysetup-bucket-allocator-bucket-count=8"
    "memorysetup-bucket-allocator-block-size=33554432"
    "memorysetup-bucket-allocator-block-count=8"
    "memorysetup-main-allocator-block-size=16777216"
    "memorysetup-thread-allocator-block-size=16777216"
    "memorysetup-gfx-main-allocator-block-size=16777216"
    "memorysetup-gfx-thread-allocator-block-size=16777216"
    "memorysetup-cache-allocator-block-size=4194304"
    "memorysetup-typetree-allocator-block-size=2097152"
    "memorysetup-profiler-bucket-allocator-granularity=16"
    "memorysetup-profiler-bucket-allocator-bucket-count=8"
    "memorysetup-profiler-bucket-allocator-block-size=33554432"
    "memorysetup-profiler-bucket-allocator-block-count=8"
    "memorysetup-profiler-allocator-block-size=16777216"
    "memorysetup-profiler-editor-allocator-block-size=1048576"
    "memorysetup-temp-allocator-size-main=16777216"
    "memorysetup-job-temp-allocator-block-size=2097152"
    "memorysetup-job-temp-allocator-block-size-background=1048576"
    "memorysetup-job-temp-allocator-reduction-small-platforms=262144"
    "memorysetup-temp-allocator-size-background-worker=32768"
    "memorysetup-temp-allocator-size-job-worker=262144"
    "memorysetup-temp-allocator-size-preload-manager=33554432"
    "memorysetup-temp-allocator-size-nav-mesh-worker=65536"
    "memorysetup-temp-allocator-size-audio-worker=65536"
    "memorysetup-temp-allocator-size-cloud-worker=32768"
    "memorysetup-temp-allocator-size-gi-baking-worker=262144"
    "memorysetup-temp-allocator-size-gfx=262144"
Player connection [11792] Host "[IP] 192.168.1.179 [Port] 0 [Flags] 2 [Guid] 2497282454 [EditorId] 2497282454 [Version] 1048832 [Id] WindowsEditor(7,Uthie-Desktop) [Debug] 1 [PackageName] WindowsEditor [ProjectName] Editor" joined multi-casting on [225.0.0.222:54997]...

Player connection [11792] Host "[IP] 192.168.1.179 [Port] 0 [Flags] 2 [Guid] 2497282454 [EditorId] 2497282454 [Version] 1048832 [Id] WindowsEditor(7,Uthie-Desktop) [Debug] 1 [PackageName] WindowsEditor [ProjectName] Editor" joined alternative multi-casting on [225.0.0.222:34997]...

Refreshing native plugins compatible for Editor in 147.13 ms, found 4 plugins.
Preloading 0 native plugins for Editor in 0.00 ms.
Initialize engine version: 2021.3.22f1 (b6c551784ba3)
[Subsystems] Discovering subsystems at path E:/UnityHub/Unity Editor/2021.3.22f1/Editor/Data/Resources/UnitySubsystems
[Subsystems] Discovering subsystems at path E:/UnityHub/Projects/Demise/Assets
GfxDevice: creating device client; threaded=0; jobified=0
Direct3D:
    Version:  Direct3D 11.0 [level 11.1]
    Renderer: NVIDIA GeForce GTX 1050 Ti (ID=0x1c82)
    Vendor:   NVIDIA
    VRAM:     4017 MB
    Driver:   31.0.15.3161
Initialize mono
Mono path[0] = 'E:/UnityHub/Unity Editor/2021.3.22f1/Editor/Data/Managed'
Mono path[1] = 'E:/UnityHub/Unity Editor/2021.3.22f1/Editor/Data/MonoBleedingEdge/lib/mono/unityjit-win32'
Mono config path = 'E:/UnityHub/Unity Editor/2021.3.22f1/Editor/Data/MonoBleedingEdge/etc'
Using monoOptions --debugger-agent=transport=dt_socket,embedding=1,server=y,suspend=n,address=127.0.0.1:56096
Begin MonoManager ReloadAssembly
Registering precompiled unity dll's ...
Register platform support module: E:/UnityHub/Unity Editor/2021.3.22f1/Editor/Data/PlaybackEngines/WebGLSupport/UnityEditor.WebGL.Extensions.dll
Register platform support module: E:/UnityHub/Unity Editor/2021.3.22f1/Editor/Data/PlaybackEngines/WindowsStandaloneSupport/UnityEditor.WindowsStandalone.Extensions.dll
Registered in 0.004804 seconds.
Native extension for WindowsStandalone target not found
Native extension for WebGL target not found
Refreshing native plugins compatible for Editor in 199.13 ms, found 4 plugins.
Preloading 0 native plugins for Editor in 0.00 ms.
Mono: successfully reloaded assembly
- Completed reload, in  0.883 seconds
Domain Reload Profiling:
	ReloadAssembly (884ms)
		BeginReloadAssembly (127ms)
			ExecutionOrderSort (0ms)
			DisableScriptedObjects (0ms)
			BackupInstance (0ms)
			ReleaseScriptingObjects (0ms)
			CreateAndSetChildDomain (1ms)
		EndReloadAssembly (636ms)
			LoadAssemblies (127ms)
			RebuildTransferFunctionScriptingTraits (0ms)
			SetupTypeCache (164ms)
			ReleaseScriptCaches (0ms)
			RebuildScriptCaches (36ms)
			SetupLoadedEditorAssemblies (377ms)
				LogAssemblyErrors (0ms)
				InitializePlatformSupportModulesInManaged (11ms)
				SetLoadedEditorAssemblies (0ms)
				RefreshPlugins (199ms)
				BeforeProcessingInitializeOnLoad (1ms)
				ProcessInitializeOnLoadAttributes (121ms)
				ProcessInitializeOnLoadMethodAttributes (44ms)
				AfterProcessingInitializeOnLoad (0ms)
				EditorAssembliesLoaded (0ms)
			ExecutionOrderSort2 (0ms)
			AwakeInstancesAfterBackupRestoration (0ms)
Platform modules already initialized, skipping
Registering precompiled user dll's ...
Registered in 0.007249 seconds.
Begin MonoManager ReloadAssembly
Symbol file LoadedFromMemory doesn't match image E:\UnityHub\Projects\Demise\Library\PackageCache\com.unity.visualscripting@1.8.0\Editor\VisualScripting.Core\Dependencies\YamlDotNet\Unity.VisualScripting.YamlDotNet.dll
Symbol file LoadedFromMemory doesn't match image E:\UnityHub\Projects\Demise\Library\PackageCache\com.unity.visualscripting@1.8.0\Editor\VisualScripting.Core\Dependencies\DotNetZip\Unity.VisualScripting.IonicZip.dll
Native extension for WindowsStandalone target not found
Native extension for WebGL target not found
Refreshing native plugins compatible for Editor in 129.41 ms, found 4 plugins.
Preloading 0 native plugins for Editor in 0.00 ms.
Mono: successfully reloaded assembly
- Completed reload, in  1.404 seconds
Domain Reload Profiling:
	ReloadAssembly (1405ms)
		BeginReloadAssembly (159ms)
			ExecutionOrderSort (0ms)
			DisableScriptedObjects (5ms)
			BackupInstance (0ms)
			ReleaseScriptingObjects (0ms)
			CreateAndSetChildDomain (18ms)
		EndReloadAssembly (1114ms)
			LoadAssemblies (180ms)
			RebuildTransferFunctionScriptingTraits (0ms)
			SetupTypeCache (300ms)
			ReleaseScriptCaches (1ms)
			RebuildScriptCaches (65ms)
			SetupLoadedEditorAssemblies (586ms)
				LogAssemblyErrors (0ms)
				InitializePlatformSupportModulesInManaged (4ms)
				SetLoadedEditorAssemblies (0ms)
				RefreshPlugins (129ms)
				BeforeProcessingInitializeOnLoad (116ms)
				ProcessInitializeOnLoadAttributes (245ms)
				ProcessInitializeOnLoadMethodAttributes (88ms)
				AfterProcessingInitializeOnLoad (3ms)
				EditorAssembliesLoaded (0ms)
			ExecutionOrderSort2 (0ms)
			AwakeInstancesAfterBackupRestoration (6ms)
Platform modules already initialized, skipping
========================================================================
Worker process is ready to serve import requests
Launched and connected shader compiler UnityShaderCompiler.exe after 0.06 seconds
Refreshing native plugins compatible for Editor in 1.03 ms, found 4 plugins.
Preloading 0 native plugins for Editor in 0.00 ms.
Unloading 5216 Unused Serialized files (Serialized files now loaded: 0)
Unloading 55 unused Assets / (1.3 MB). Loaded Objects now: 5654.
Memory consumption went from 206.2 MB to 205.0 MB.
Total: 4.758500 ms (FindLiveObjects: 0.430200 ms CreateObjectMapping: 0.380300 ms MarkObjects: 3.450700 ms  DeleteObjects: 0.495900 ms)

AssetImportParameters requested are different than current active one (requested -> active):
  custom:video-decoder-ogg-theora: a1e56fd34408186e4bbccfd4996cb3dc -> 
  custom:container-muxer-webm: aa71ff27fc2769a1b78a27578f13a17b -> 
  custom:container-demuxer-webm: 4f35f7cbe854078d1ac9338744f61a02 -> 
  custom:video-encoder-webm-vp8: eb34c28f22e8b96e1ab97ce403110664 -> 
  custom:audio-encoder-webm-vorbis: bf7c407c2cedff20999df2af8eb42d56 -> 
  custom:framework-win-MediaFoundation: 216162199b28c13a410421893ffa2e32 -> 
  custom:container-demuxer-ogg: 62fdf1f143b41e24485cea50d1cbac27 -> 
  custom:video-decoder-webm-vp8: 9c59270c3fd7afecdb556c50c9e8de78 -> 
  custom:audio-decoder-ogg-vorbis: bf7c407c2cedff20999df2af8eb42d56 -> 
========================================================================
Received Import Request.
  Time since last request: 96376.718179 seconds.
  path: Assets/Asset FTTGR/Sprites/Environment/Grounds/LampPost.png
  artifactKey: Guid(ea28957760b3ed94998c036c153ac07f) Importer(815301076,1909f56bfc062723c751e8b465ee728b)
Start importing Assets/Asset FTTGR/Sprites/Environment/Grounds/LampPost.png using Guid(ea28957760b3ed94998c036c153ac07f) Importer(815301076,1909f56bfc062723c751e8b465ee728b)  -> (artifact id: 'b0b25dbe854ab1b0324151da3b7abd6a') in 0.160343 seconds 
========================================================================
Received Import Request.
  Time since last request: 0.000029 seconds.
  path: Assets/Asset FTTGR/Sprites/Environment/Grounds/Platforms.png
  artifactKey: Guid(e25b8a5c7b13ef643858e6bf96698045) Importer(815301076,1909f56bfc062723c751e8b465ee728b)
Start importing Assets/Asset FTTGR/Sprites/Environment/Grounds/Platforms.png using Guid(e25b8a5c7b13ef643858e6bf96698045) Importer(815301076,1909f56bfc062723c751e8b465ee728b)  -> (artifact id: '8b73d4430d40b469aae13850f7477b84') in 0.069898 seconds 
========================================================================
Received Import Request.
  Time since last request: 0.000034 seconds.
  path: Assets/Asset FTTGR/Sprites/Environment/Grounds/WhiteBlock.png
  artifactKey: Guid(852c417e195f6f445a5b6635abe9e118) Importer(815301076,1909f56bfc062723c751e8b465ee728b)
Start importing Assets/Asset FTTGR/Sprites/Environment/Grounds/WhiteBlock.png using Guid(852c417e195f6f445a5b6635abe9e118) Importer(815301076,1909f56bfc062723c751e8b465ee728b)  -> (artifact id: '239e67e6d05a7d47a8bdb42e75d6da27') in 0.065128 seconds 
========================================================================
Received Import Request.
  Time since last request: 0.000015 seconds.
  path: Assets/Asset FTTGR/Sprites/Environment/Grounds/Rocks.png
  artifactKey: Guid(cd6f7037d14018b4bac501dc5d1dd3fd) Importer(815301076,1909f56bfc062723c751e8b465ee728b)
Start importing Assets/Asset FTTGR/Sprites/Environment/Grounds/Rocks.png using Guid(cd6f7037d14018b4bac501dc5d1dd3fd) Importer(815301076,1909f56bfc062723c751e8b465ee728b)  -> (artifact id: 'f2e403f1013301e24ae8bfe27cf47236') in 0.065208 seconds 
========================================================================
Received Import Request.
  Time since last request: 0.000027 seconds.
  path: Assets/Asset FTTGR/Sprites/Environment/Grounds/Trees.png
  artifactKey: Guid(5376a23d7e8070945ad49c67d3a8ccfd) Importer(815301076,1909f56bfc062723c751e8b465ee728b)
Start importing Assets/Asset FTTGR/Sprites/Environment/Grounds/Trees.png using Guid(5376a23d7e8070945ad49c67d3a8ccfd) Importer(815301076,1909f56bfc062723c751e8b465ee728b)  -> (artifact id: '61bce6ef4de052689dbcca49a07d5c92') in 0.094378 seconds 
========================================================================
Received Import Request.
  Time since last request: 106.876186 seconds.
  path: Assets/Asset FTTGR/NormalMaps/Snowflake1.png
  artifactKey: Guid(78eddb4a3515af8429b847a276b3a350) Importer(815301076,1909f56bfc062723c751e8b465ee728b)
Start importing Assets/Asset FTTGR/NormalMaps/Snowflake1.png using Guid(78eddb4a3515af8429b847a276b3a350) Importer(815301076,1909f56bfc062723c751e8b465ee728b)  -> (artifact id: '4b54604ee4dd00d4512325eeb3f46ee1') in 0.024114 seconds 
========================================================================
Received Import Request.
  Time since last request: 0.000027 seconds.
  path: Assets/Asset FTTGR/NormalMaps/Snowflake2.png
  artifactKey: Guid(9cee77d3294d076469dc4c148d956f5d) Importer(815301076,1909f56bfc062723c751e8b465ee728b)
Start importing Assets/Asset FTTGR/NormalMaps/Snowflake2.png using Guid(9cee77d3294d076469dc4c148d956f5d) Importer(815301076,1909f56bfc062723c751e8b465ee728b)  -> (artifact id: '8eeb62e4ab9c2119653e434039fb843b') in 0.012020 seconds 
========================================================================
Received Import Request.
  Time since last request: 0.000036 seconds.
  path: Assets/Asset FTTGR/NormalMaps/Snowflake3.png
  artifactKey: Guid(f408bcb57cd91844299cc7c614f11a77) Importer(815301076,1909f56bfc062723c751e8b465ee728b)
Start importing Assets/Asset FTTGR/NormalMaps/Snowflake3.png using Guid(f408bcb57cd91844299cc7c614f11a77) Importer(815301076,1909f56bfc062723c751e8b465ee728b)  -> (artifact id: '7ea68b4057521ba564ffb87ab7e0154d') in 0.012374 seconds 
========================================================================
Received Import Request.
  Time since last request: 6.164098 seconds.
  path: Assets/Asset FTTGR/Sprites/VFXs/Glowworm.png
  artifactKey: Guid(17ccc4e14ec99ed4ca41371c5f0e45d5) Importer(815301076,1909f56bfc062723c751e8b465ee728b)
Start importing Assets/Asset FTTGR/Sprites/VFXs/Glowworm.png using Guid(17ccc4e14ec99ed4ca41371c5f0e45d5) Importer(815301076,1909f56bfc062723c751e8b465ee728b)  -> (artifact id: 'd417dd40cf23a21e87e1c95fcaf1dd8b') in 0.032769 seconds 
========================================================================
Received Import Request.
  Time since last request: 0.000035 seconds.
  path: Assets/Asset FTTGR/Sprites/VFXs/Snow.png
  artifactKey: Guid(eb7b04fdfe2a7dc4e895f7a72c07fc22) Importer(815301076,1909f56bfc062723c751e8b465ee728b)
Start importing Assets/Asset FTTGR/Sprites/VFXs/Snow.png using Guid(eb7b04fdfe2a7dc4e895f7a72c07fc22) Importer(815301076,1909f56bfc062723c751e8b465ee728b)  -> (artifact id: 'bcc9e2c73190bb9b80eba721235b0cdd') in 0.050086 seconds 
========================================================================
Received Import Request.
  Time since last request: 0.000096 seconds.
  path: Assets/Asset FTTGR/Sprites/VFXs/Leaves.png
  artifactKey: Guid(f1e5034c73bd510448360a0e802d2932) Importer(815301076,1909f56bfc062723c751e8b465ee728b)
Start importing Assets/Asset FTTGR/Sprites/VFXs/Leaves.png using Guid(f1e5034c73bd510448360a0e802d2932) Importer(815301076,1909f56bfc062723c751e8b465ee728b)  -> (artifact id: '40c6f33e60cdf64c4839811fca4d2f45') in 0.020620 seconds 
========================================================================
Received Import Request.
  Time since last request: 25.780575 seconds.
  path: Assets/Asset FTTGR/Prefabs/Enviroment/Decorations/Berrie2.prefab
  artifactKey: Guid(79b6ee7b07b5b484ea7a317d28d45ede) Importer(815301076,1909f56bfc062723c751e8b465ee728b)
Start importing Assets/Asset FTTGR/Prefabs/Enviroment/Decorations/Berrie2.prefab using Guid(79b6ee7b07b5b484ea7a317d28d45ede) Importer(815301076,1909f56bfc062723c751e8b465ee728b)  -> (artifact id: '157e429be5dc7b36f230742539623375') in 0.211681 seconds 
========================================================================
Received Import Request.
  Time since last request: 0.000032 seconds.
  path: Assets/Asset FTTGR/Prefabs/Enviroment/Decorations/Grass2.prefab
  artifactKey: Guid(c6ac35b8acd0742478a97b8de41a22d5) Importer(815301076,1909f56bfc062723c751e8b465ee728b)
Start importing Assets/Asset FTTGR/Prefabs/Enviroment/Decorations/Grass2.prefab using Guid(c6ac35b8acd0742478a97b8de41a22d5) Importer(815301076,1909f56bfc062723c751e8b465ee728b)  -> (artifact id: '22c91bfb018999f7fe5900e533fa5480') in 0.017898 seconds 
========================================================================
Received Import Request.
  Time since last request: 0.000049 seconds.
  path: Assets/Asset FTTGR/Prefabs/Enviroment/Decorations/Liana1.prefab
  artifactKey: Guid(fd956908936176b479f7c54f8383a077) Importer(815301076,1909f56bfc062723c751e8b465ee728b)
Start importing Assets/Asset FTTGR/Prefabs/Enviroment/Decorations/Liana1.prefab using Guid(fd956908936176b479f7c54f8383a077) Importer(815301076,1909f56bfc062723c751e8b465ee728b)  -> (artifact id: 'a23ad61de053cd0c21ff9ac8fc5757bd') in 0.022582 seconds 
========================================================================
Received Import Request.
  Time since last request: 16.642602 seconds.
  path: Assets/Asset FTTGR/Palettes/Obstacles/Obstacles1.asset
  artifactKey: Guid(a2b5a8dbcf271e0408cccdd0cf530edc) Importer(815301076,1909f56bfc062723c751e8b465ee728b)
Start importing Assets/Asset FTTGR/Palettes/Obstacles/Obstacles1.asset using Guid(a2b5a8dbcf271e0408cccdd0cf530edc) Importer(815301076,1909f56bfc062723c751e8b465ee728b)  -> (artifact id: 'fee60f7302d2b2d53fe570df2ad2d679') in 0.014247 seconds 
========================================================================
Received Import Request.
  Time since last request: 0.000031 seconds.
  path: Assets/Asset FTTGR/Palettes/Obstacles/Obstacles4.asset
  artifactKey: Guid(d5d2c64db5183114bb5fd31718e10d73) Importer(815301076,1909f56bfc062723c751e8b465ee728b)
Start importing Assets/Asset FTTGR/Palettes/Obstacles/Obstacles4.asset using Guid(d5d2c64db5183114bb5fd31718e10d73) Importer(815301076,1909f56bfc062723c751e8b465ee728b)  -> (artifact id: 'cde2d7e19d2313a8a03a0765faf479b1') in 0.010693 seconds 
========================================================================
Received Import Request.
  Time since last request: 19.631684 seconds.
  path: Assets/Asset FTTGR/Materials/Distortion/Snowflakes/Snowflake2.mat
  artifactKey: Guid(e1ad12614e11efd439ddd46738014b88) Importer(815301076,1909f56bfc062723c751e8b465ee728b)
Start importing Assets/Asset FTTGR/Materials/Distortion/Snowflakes/Snowflake2.mat using Guid(e1ad12614e11efd439ddd46738014b88) Importer(815301076,1909f56bfc062723c751e8b465ee728b)  -> (artifact id: '33955d9c8f678924236d1fe4dd3be6df') in 0.031725 seconds 
========================================================================
Received Import Request.
  Time since last request: 15.671473 seconds.
  path: Assets/Asset FTTGR/Sprites/Environment/Decorations/GrassAndBerries.png
  artifactKey: Guid(28aa37f8fb17d2a4187136312f0b3321) Importer(815301076,1909f56bfc062723c751e8b465ee728b)
Start importing Assets/Asset FTTGR/Sprites/Environment/Decorations/GrassAndBerries.png using Guid(28aa37f8fb17d2a4187136312f0b3321) Importer(815301076,1909f56bfc062723c751e8b465ee728b)  -> (artifact id: '756332ae16d895b4ab43a4f30123fd5a') in 0.072718 seconds 
========================================================================
Received Import Request.
  Time since last request: 3.166165 seconds.
  path: Assets/Asset FTTGR/Sprites/Environment/Tiles/Bilding.png
  artifactKey: Guid(04e873d935a01ac4181d82749539eed0) Importer(815301076,1909f56bfc062723c751e8b465ee728b)
Start importing Assets/Asset FTTGR/Sprites/Environment/Tiles/Bilding.png using Guid(04e873d935a01ac4181d82749539eed0) Importer(815301076,1909f56bfc062723c751e8b465ee728b)  -> (artifact id: 'b7db6edc7169c86a30c96ab3db4faa82') in 0.020863 seconds 
========================================================================
Received Import Request.
  Time since last request: 0.000020 seconds.
  path: Assets/Asset FTTGR/Sprites/Environment/Tiles/MudGround.png
  artifactKey: Guid(5659168797c25684aa948deea3dd4747) Importer(815301076,1909f56bfc062723c751e8b465ee728b)
Start importing Assets/Asset FTTGR/Sprites/Environment/Tiles/MudGround.png using Guid(5659168797c25684aa948deea3dd4747) Importer(815301076,1909f56bfc062723c751e8b465ee728b)  -> (artifact id: 'f49fea61126fad37464e530bf17daae2') in 0.068611 seconds 
========================================================================
Received Import Request.
  Time since last request: 0.000024 seconds.
  path: Assets/Asset FTTGR/Sprites/Environment/Tiles/GrassGround.png
  artifactKey: Guid(f909612270ed5ff4093ff035548ab2ad) Importer(815301076,1909f56bfc062723c751e8b465ee728b)
Start importing Assets/Asset FTTGR/Sprites/Environment/Tiles/GrassGround.png using Guid(f909612270ed5ff4093ff035548ab2ad) Importer(815301076,1909f56bfc062723c751e8b465ee728b)  -> (artifact id: '5665e58e38ed8e80bb4619736ba5eeab') in 0.057767 seconds 
Editor requested this worker to shutdown with reason: Scaling down because of idle timeout
AssetImportWorker is now disconnected from the server
Process exiting
Exiting without the bug reporter. Application will terminate with return code 0