Using pre-set license
Built from '2021.3/staging' branch; Version is '2021.3.22f1 (b6c551784ba3) revision 11978065'; Using compiler version '192829333'; Build Type 'Release'
OS: 'Windows 10  (10.0.19045) 64bit Core' Language: 'en' Physical Memory: 16318 MB
BatchMode: 1, IsHumanControllingUs: 0, StartBugReporterOnCrash: 0, Is64bit: 1, IsPro: 1

COMMAND LINE ARGUMENTS:
E:\UnityHub\Unity Editor\2021.3.22f1\Editor\Unity.exe
-adb2
-batchMode
-noUpm
-name
AssetImportWorker4
-projectPath
E:/UnityHub/Projects/Demise
-logFile
Logs/AssetImportWorker4.log
-srvPort
53692
Successfully changed project path to: E:/UnityHub/Projects/Demise
E:/UnityHub/Projects/Demise
[UnityMemory] Configuration Parameters - Can be set up in boot.config
    "memorysetup-bucket-allocator-granularity=16"
    "memorysetup-bucket-allocator-bucket-count=8"
    "memorysetup-bucket-allocator-block-size=33554432"
    "memorysetup-bucket-allocator-block-count=8"
    "memorysetup-main-allocator-block-size=16777216"
    "memorysetup-thread-allocator-block-size=16777216"
    "memorysetup-gfx-main-allocator-block-size=16777216"
    "memorysetup-gfx-thread-allocator-block-size=16777216"
    "memorysetup-cache-allocator-block-size=4194304"
    "memorysetup-typetree-allocator-block-size=2097152"
    "memorysetup-profiler-bucket-allocator-granularity=16"
    "memorysetup-profiler-bucket-allocator-bucket-count=8"
    "memorysetup-profiler-bucket-allocator-block-size=33554432"
    "memorysetup-profiler-bucket-allocator-block-count=8"
    "memorysetup-profiler-allocator-block-size=16777216"
    "memorysetup-profiler-editor-allocator-block-size=1048576"
    "memorysetup-temp-allocator-size-main=16777216"
    "memorysetup-job-temp-allocator-block-size=2097152"
    "memorysetup-job-temp-allocator-block-size-background=1048576"
    "memorysetup-job-temp-allocator-reduction-small-platforms=262144"
    "memorysetup-temp-allocator-size-background-worker=32768"
    "memorysetup-temp-allocator-size-job-worker=262144"
    "memorysetup-temp-allocator-size-preload-manager=33554432"
    "memorysetup-temp-allocator-size-nav-mesh-worker=65536"
    "memorysetup-temp-allocator-size-audio-worker=65536"
    "memorysetup-temp-allocator-size-cloud-worker=32768"
    "memorysetup-temp-allocator-size-gi-baking-worker=262144"
    "memorysetup-temp-allocator-size-gfx=262144"
Player connection [12740] Host "[IP] 192.168.1.179 [Port] 0 [Flags] 2 [Guid] 3523278020 [EditorId] 3523278020 [Version] 1048832 [Id] WindowsEditor(7,Uthie-Desktop) [Debug] 1 [PackageName] WindowsEditor [ProjectName] Editor" joined multi-casting on [225.0.0.222:54997]...

Player connection [12740] Host "[IP] 192.168.1.179 [Port] 0 [Flags] 2 [Guid] 3523278020 [EditorId] 3523278020 [Version] 1048832 [Id] WindowsEditor(7,Uthie-Desktop) [Debug] 1 [PackageName] WindowsEditor [ProjectName] Editor" joined alternative multi-casting on [225.0.0.222:34997]...

Refreshing native plugins compatible for Editor in 145.25 ms, found 4 plugins.
Preloading 0 native plugins for Editor in 0.00 ms.
Initialize engine version: 2021.3.22f1 (b6c551784ba3)
[Subsystems] Discovering subsystems at path E:/UnityHub/Unity Editor/2021.3.22f1/Editor/Data/Resources/UnitySubsystems
[Subsystems] Discovering subsystems at path E:/UnityHub/Projects/Demise/Assets
GfxDevice: creating device client; threaded=0; jobified=0
Direct3D:
    Version:  Direct3D 11.0 [level 11.1]
    Renderer: NVIDIA GeForce GTX 1050 Ti (ID=0x1c82)
    Vendor:   NVIDIA
    VRAM:     4017 MB
    Driver:   31.0.15.3161
Initialize mono
Mono path[0] = 'E:/UnityHub/Unity Editor/2021.3.22f1/Editor/Data/Managed'
Mono path[1] = 'E:/UnityHub/Unity Editor/2021.3.22f1/Editor/Data/MonoBleedingEdge/lib/mono/unityjit-win32'
Mono config path = 'E:/UnityHub/Unity Editor/2021.3.22f1/Editor/Data/MonoBleedingEdge/etc'
Using monoOptions --debugger-agent=transport=dt_socket,embedding=1,server=y,suspend=n,address=127.0.0.1:56436
Begin MonoManager ReloadAssembly
Registering precompiled unity dll's ...
Register platform support module: E:/UnityHub/Unity Editor/2021.3.22f1/Editor/Data/PlaybackEngines/WebGLSupport/UnityEditor.WebGL.Extensions.dll
Register platform support module: E:/UnityHub/Unity Editor/2021.3.22f1/Editor/Data/PlaybackEngines/WindowsStandaloneSupport/UnityEditor.WindowsStandalone.Extensions.dll
Registered in 0.003548 seconds.
Native extension for WindowsStandalone target not found
Native extension for WebGL target not found
Refreshing native plugins compatible for Editor in 122.09 ms, found 4 plugins.
Preloading 0 native plugins for Editor in 0.00 ms.
Mono: successfully reloaded assembly
- Completed reload, in  0.662 seconds
Domain Reload Profiling:
	ReloadAssembly (663ms)
		BeginReloadAssembly (97ms)
			ExecutionOrderSort (0ms)
			DisableScriptedObjects (0ms)
			BackupInstance (0ms)
			ReleaseScriptingObjects (0ms)
			CreateAndSetChildDomain (1ms)
		EndReloadAssembly (478ms)
			LoadAssemblies (97ms)
			RebuildTransferFunctionScriptingTraits (0ms)
			SetupTypeCache (106ms)
			ReleaseScriptCaches (0ms)
			RebuildScriptCaches (28ms)
			SetupLoadedEditorAssemblies (297ms)
				LogAssemblyErrors (0ms)
				InitializePlatformSupportModulesInManaged (7ms)
				SetLoadedEditorAssemblies (0ms)
				RefreshPlugins (122ms)
				BeforeProcessingInitializeOnLoad (1ms)
				ProcessInitializeOnLoadAttributes (118ms)
				ProcessInitializeOnLoadMethodAttributes (48ms)
				AfterProcessingInitializeOnLoad (0ms)
				EditorAssembliesLoaded (0ms)
			ExecutionOrderSort2 (0ms)
			AwakeInstancesAfterBackupRestoration (0ms)
Platform modules already initialized, skipping
Registering precompiled user dll's ...
Registered in 0.007156 seconds.
Begin MonoManager ReloadAssembly
Symbol file LoadedFromMemory doesn't match image E:\UnityHub\Projects\Demise\Library\PackageCache\com.unity.visualscripting@1.8.0\Editor\VisualScripting.Core\Dependencies\YamlDotNet\Unity.VisualScripting.YamlDotNet.dll
Symbol file LoadedFromMemory doesn't match image E:\UnityHub\Projects\Demise\Library\PackageCache\com.unity.visualscripting@1.8.0\Editor\VisualScripting.Core\Dependencies\DotNetZip\Unity.VisualScripting.IonicZip.dll
Native extension for WindowsStandalone target not found
Native extension for WebGL target not found
Refreshing native plugins compatible for Editor in 121.09 ms, found 4 plugins.
Preloading 0 native plugins for Editor in 0.00 ms.
Mono: successfully reloaded assembly
- Completed reload, in  1.332 seconds
Domain Reload Profiling:
	ReloadAssembly (1332ms)
		BeginReloadAssembly (132ms)
			ExecutionOrderSort (0ms)
			DisableScriptedObjects (5ms)
			BackupInstance (0ms)
			ReleaseScriptingObjects (0ms)
			CreateAndSetChildDomain (19ms)
		EndReloadAssembly (1097ms)
			LoadAssemblies (118ms)
			RebuildTransferFunctionScriptingTraits (0ms)
			SetupTypeCache (295ms)
			ReleaseScriptCaches (1ms)
			RebuildScriptCaches (62ms)
			SetupLoadedEditorAssemblies (610ms)
				LogAssemblyErrors (0ms)
				InitializePlatformSupportModulesInManaged (4ms)
				SetLoadedEditorAssemblies (0ms)
				RefreshPlugins (121ms)
				BeforeProcessingInitializeOnLoad (116ms)
				ProcessInitializeOnLoadAttributes (273ms)
				ProcessInitializeOnLoadMethodAttributes (92ms)
				AfterProcessingInitializeOnLoad (3ms)
				EditorAssembliesLoaded (0ms)
			ExecutionOrderSort2 (0ms)
			AwakeInstancesAfterBackupRestoration (6ms)
Platform modules already initialized, skipping
========================================================================
Worker process is ready to serve import requests
Launched and connected shader compiler UnityShaderCompiler.exe after 0.07 seconds
Refreshing native plugins compatible for Editor in 1.44 ms, found 4 plugins.
Preloading 0 native plugins for Editor in 0.00 ms.
Unloading 5216 Unused Serialized files (Serialized files now loaded: 0)
Unloading 55 unused Assets / (1.3 MB). Loaded Objects now: 5654.
Memory consumption went from 206.2 MB to 205.0 MB.
Total: 5.547900 ms (FindLiveObjects: 0.553000 ms CreateObjectMapping: 0.503400 ms MarkObjects: 3.832900 ms  DeleteObjects: 0.657400 ms)

AssetImportParameters requested are different than current active one (requested -> active):
  custom:video-decoder-ogg-theora: a1e56fd34408186e4bbccfd4996cb3dc -> 
  custom:container-muxer-webm: aa71ff27fc2769a1b78a27578f13a17b -> 
  custom:container-demuxer-webm: 4f35f7cbe854078d1ac9338744f61a02 -> 
  custom:video-encoder-webm-vp8: eb34c28f22e8b96e1ab97ce403110664 -> 
  custom:audio-encoder-webm-vorbis: bf7c407c2cedff20999df2af8eb42d56 -> 
  custom:framework-win-MediaFoundation: 216162199b28c13a410421893ffa2e32 -> 
  custom:container-demuxer-ogg: 62fdf1f143b41e24485cea50d1cbac27 -> 
  custom:video-decoder-webm-vp8: 9c59270c3fd7afecdb556c50c9e8de78 -> 
  custom:audio-decoder-ogg-vorbis: bf7c407c2cedff20999df2af8eb42d56 -> 
========================================================================
Received Import Request.
  Time since last request: 96470.694510 seconds.
  path: Assets/Asset FTTGR/Shader
  artifactKey: Guid(6db130a909e413d4190749e81ed926ec) Importer(815301076,1909f56bfc062723c751e8b465ee728b)
Start importing Assets/Asset FTTGR/Shader using Guid(6db130a909e413d4190749e81ed926ec) Importer(815301076,1909f56bfc062723c751e8b465ee728b)  -> (artifact id: '530ad96b29a9ff384b38658612d6ad01') in 0.013579 seconds 
========================================================================
Received Import Request.
  Time since last request: 13.310062 seconds.
  path: Assets/Asset FTTGR/NormalMaps
  artifactKey: Guid(8ff937df1b03db4488620d615121bdaf) Importer(815301076,1909f56bfc062723c751e8b465ee728b)
Start importing Assets/Asset FTTGR/NormalMaps using Guid(8ff937df1b03db4488620d615121bdaf) Importer(815301076,1909f56bfc062723c751e8b465ee728b)  -> (artifact id: 'db26cfb1ff79783246622e8d22ccb64c') in 0.006350 seconds 
========================================================================
Received Import Request.
  Time since last request: 0.049215 seconds.
  path: Assets/Asset FTTGR/NormalMaps/SimpleNormalMap.png
  artifactKey: Guid(883ae19a614b44044bc766f7132a51f0) Importer(815301076,1909f56bfc062723c751e8b465ee728b)
Start importing Assets/Asset FTTGR/NormalMaps/SimpleNormalMap.png using Guid(883ae19a614b44044bc766f7132a51f0) Importer(815301076,1909f56bfc062723c751e8b465ee728b)  -> (artifact id: '38c7ba30152d571c184ee32010f9da71') in 0.118185 seconds 
========================================================================
Received Import Request.
  Time since last request: 6.044997 seconds.
  path: Assets/Asset FTTGR/Sprites/VFXs
  artifactKey: Guid(ff151104feb152c4c9cf378954feb5ad) Importer(815301076,1909f56bfc062723c751e8b465ee728b)
Start importing Assets/Asset FTTGR/Sprites/VFXs using Guid(ff151104feb152c4c9cf378954feb5ad) Importer(815301076,1909f56bfc062723c751e8b465ee728b)  -> (artifact id: '0817e690e778b48dca6856baf59b5e56') in 0.011088 seconds 
========================================================================
Received Import Request.
  Time since last request: 0.045228 seconds.
  path: Assets/Asset FTTGR/Sprites/VFXs/Circle.png
  artifactKey: Guid(1b0aef16f430bd54b819d551453bcac9) Importer(815301076,1909f56bfc062723c751e8b465ee728b)
Start importing Assets/Asset FTTGR/Sprites/VFXs/Circle.png using Guid(1b0aef16f430bd54b819d551453bcac9) Importer(815301076,1909f56bfc062723c751e8b465ee728b)  -> (artifact id: '3d408c272616c945df8f5f4b91dbd7fb') in 0.070959 seconds 
========================================================================
Received Import Request.
  Time since last request: 0.000115 seconds.
  path: Assets/Asset FTTGR/Sprites/VFXs/Smoke.png
  artifactKey: Guid(70221feb0deb53446b6941ffdc402f29) Importer(815301076,1909f56bfc062723c751e8b465ee728b)
Start importing Assets/Asset FTTGR/Sprites/VFXs/Smoke.png using Guid(70221feb0deb53446b6941ffdc402f29) Importer(815301076,1909f56bfc062723c751e8b465ee728b)  -> (artifact id: '47e26c1a7ed20c25beaaecf14aab9b56') in 0.047451 seconds 
========================================================================
Received Import Request.
  Time since last request: 0.000024 seconds.
  path: Assets/Asset FTTGR/Sprites/VFXs/Light.png
  artifactKey: Guid(a4234359f0a33104292c7239a9edd4aa) Importer(815301076,1909f56bfc062723c751e8b465ee728b)
Start importing Assets/Asset FTTGR/Sprites/VFXs/Light.png using Guid(a4234359f0a33104292c7239a9edd4aa) Importer(815301076,1909f56bfc062723c751e8b465ee728b)  -> (artifact id: '8f2dc66770cdf0e36281689f6690acb9') in 0.066950 seconds 
========================================================================
Received Import Request.
  Time since last request: 18.091906 seconds.
  path: Assets/Asset FTTGR/Prefabs/Enviroment
  artifactKey: Guid(76e95d0265c0d4e47abe6af8843bb4b1) Importer(815301076,1909f56bfc062723c751e8b465ee728b)
Start importing Assets/Asset FTTGR/Prefabs/Enviroment using Guid(76e95d0265c0d4e47abe6af8843bb4b1) Importer(815301076,1909f56bfc062723c751e8b465ee728b)  -> (artifact id: '9e97fc4ef16b641440e976b774dd571c') in 0.006096 seconds 
========================================================================
Received Import Request.
  Time since last request: 1.008630 seconds.
  path: Assets/Asset FTTGR/Prefabs/Enviroment/InteractiveObjects
  artifactKey: Guid(61f1c119a9c050e499d8ce0b49312fe3) Importer(815301076,1909f56bfc062723c751e8b465ee728b)
Start importing Assets/Asset FTTGR/Prefabs/Enviroment/InteractiveObjects using Guid(61f1c119a9c050e499d8ce0b49312fe3) Importer(815301076,1909f56bfc062723c751e8b465ee728b)  -> (artifact id: '1213d7feabb820f4f931deec39e45968') in 0.006022 seconds 
========================================================================
Received Import Request.
  Time since last request: 0.049801 seconds.
  path: Assets/Asset FTTGR/Prefabs/Enviroment/InteractiveObjects/Spring.prefab
  artifactKey: Guid(58b64ff310a490f48b14fc1fd8581c3b) Importer(815301076,1909f56bfc062723c751e8b465ee728b)
Start importing Assets/Asset FTTGR/Prefabs/Enviroment/InteractiveObjects/Spring.prefab using Guid(58b64ff310a490f48b14fc1fd8581c3b) Importer(815301076,1909f56bfc062723c751e8b465ee728b)  -> (artifact id: '3d75ca32b472a1f14b7f635a4346a1be') in 0.239441 seconds 
========================================================================
Received Import Request.
  Time since last request: 6.221646 seconds.
  path: Assets/Asset FTTGR/Prefabs/Enviroment/Decorations
  artifactKey: Guid(7b21a0634e38a084c83fd70bde4bfdb5) Importer(815301076,1909f56bfc062723c751e8b465ee728b)
Start importing Assets/Asset FTTGR/Prefabs/Enviroment/Decorations using Guid(7b21a0634e38a084c83fd70bde4bfdb5) Importer(815301076,1909f56bfc062723c751e8b465ee728b)  -> (artifact id: '023f39c506cfc428ceace5c71d775dc7') in 0.007288 seconds 
========================================================================
Received Import Request.
  Time since last request: 0.044555 seconds.
  path: Assets/Asset FTTGR/Prefabs/Enviroment/Decorations/Berrie1.prefab
  artifactKey: Guid(0e86ec5603527ed4dab5ad58b1c2cd58) Importer(815301076,1909f56bfc062723c751e8b465ee728b)
Start importing Assets/Asset FTTGR/Prefabs/Enviroment/Decorations/Berrie1.prefab using Guid(0e86ec5603527ed4dab5ad58b1c2cd58) Importer(815301076,1909f56bfc062723c751e8b465ee728b)  -> (artifact id: '813fc25efea5749a44742353f27d78fc') in 0.012533 seconds 
========================================================================
Received Import Request.
  Time since last request: 0.000023 seconds.
  path: Assets/Asset FTTGR/Prefabs/Enviroment/Decorations/Rag1.prefab
  artifactKey: Guid(d304da558a36d784395498f6543c63b8) Importer(815301076,1909f56bfc062723c751e8b465ee728b)
Start importing Assets/Asset FTTGR/Prefabs/Enviroment/Decorations/Rag1.prefab using Guid(d304da558a36d784395498f6543c63b8) Importer(815301076,1909f56bfc062723c751e8b465ee728b)  -> (artifact id: 'e7ee4dd42dc693cd90cf09133375130f') in 0.014773 seconds 
========================================================================
Received Import Request.
  Time since last request: 0.000027 seconds.
  path: Assets/Asset FTTGR/Prefabs/Enviroment/Decorations/Grass1.prefab
  artifactKey: Guid(327d0d2bd2b6b854cafaf75c856d532d) Importer(815301076,1909f56bfc062723c751e8b465ee728b)
Start importing Assets/Asset FTTGR/Prefabs/Enviroment/Decorations/Grass1.prefab using Guid(327d0d2bd2b6b854cafaf75c856d532d) Importer(815301076,1909f56bfc062723c751e8b465ee728b)  -> (artifact id: '8646fa6688769fc5e7a59f2a8f0885f1') in 0.015967 seconds 
========================================================================
Received Import Request.
  Time since last request: 0.000024 seconds.
  path: Assets/Asset FTTGR/Prefabs/Enviroment/Decorations/Liana3.prefab
  artifactKey: Guid(73a9928c8a5072440883a7d3acdd0bbc) Importer(815301076,1909f56bfc062723c751e8b465ee728b)
Start importing Assets/Asset FTTGR/Prefabs/Enviroment/Decorations/Liana3.prefab using Guid(73a9928c8a5072440883a7d3acdd0bbc) Importer(815301076,1909f56bfc062723c751e8b465ee728b)  -> (artifact id: '95b88e7e6f7b47f204b1801771fb0add') in 0.014409 seconds 
========================================================================
Received Import Request.
  Time since last request: 0.000028 seconds.
  path: Assets/Asset FTTGR/Prefabs/Enviroment/Decorations/FireType2.prefab
  artifactKey: Guid(fad55f2363832264a85057f73e04d951) Importer(815301076,1909f56bfc062723c751e8b465ee728b)
Start importing Assets/Asset FTTGR/Prefabs/Enviroment/Decorations/FireType2.prefab using Guid(fad55f2363832264a85057f73e04d951) Importer(815301076,1909f56bfc062723c751e8b465ee728b)  -> (artifact id: '9fc1bb11d6bc6ae1cd34ef89a53c0d35') in 0.018697 seconds 
========================================================================
Received Import Request.
  Time since last request: 0.000099 seconds.
  path: Assets/Asset FTTGR/Prefabs/Enviroment/Decorations/Liana2.prefab
  artifactKey: Guid(3bfb0cd57f754cd469232e9a99e26911) Importer(815301076,1909f56bfc062723c751e8b465ee728b)
Start importing Assets/Asset FTTGR/Prefabs/Enviroment/Decorations/Liana2.prefab using Guid(3bfb0cd57f754cd469232e9a99e26911) Importer(815301076,1909f56bfc062723c751e8b465ee728b)  -> (artifact id: '63d1dab7b9e48e5ebcc501dd4a014d8c') in 0.017912 seconds 
========================================================================
Received Import Request.
  Time since last request: 0.000033 seconds.
  path: Assets/Asset FTTGR/Prefabs/Enviroment/Decorations/Liana4.prefab
  artifactKey: Guid(0e2fddba8aad08e4c8334fa85be7e9e1) Importer(815301076,1909f56bfc062723c751e8b465ee728b)
Start importing Assets/Asset FTTGR/Prefabs/Enviroment/Decorations/Liana4.prefab using Guid(0e2fddba8aad08e4c8334fa85be7e9e1) Importer(815301076,1909f56bfc062723c751e8b465ee728b)  -> (artifact id: 'f6ade1dd7a17e4edbca772fdf637cf17') in 0.019925 seconds 
========================================================================
Received Import Request.
  Time since last request: 0.000029 seconds.
  path: Assets/Asset FTTGR/Prefabs/Enviroment/Decorations/Rag2.prefab
  artifactKey: Guid(44314c42f43749e4b9cb91c0b1fe046b) Importer(815301076,1909f56bfc062723c751e8b465ee728b)
Start importing Assets/Asset FTTGR/Prefabs/Enviroment/Decorations/Rag2.prefab using Guid(44314c42f43749e4b9cb91c0b1fe046b) Importer(815301076,1909f56bfc062723c751e8b465ee728b)  -> (artifact id: '3cbfd32a71721955819a8f7f4f9f0960') in 0.017378 seconds 
========================================================================
Received Import Request.
  Time since last request: 0.000025 seconds.
  path: Assets/Asset FTTGR/Prefabs/Enviroment/Decorations/Grass3.prefab
  artifactKey: Guid(b0be8d4b6a9572e498b4c06d70474ac6) Importer(815301076,1909f56bfc062723c751e8b465ee728b)
Start importing Assets/Asset FTTGR/Prefabs/Enviroment/Decorations/Grass3.prefab using Guid(b0be8d4b6a9572e498b4c06d70474ac6) Importer(815301076,1909f56bfc062723c751e8b465ee728b)  -> (artifact id: 'de3cd4118e194e84486a34851e0f845e') in 0.015781 seconds 
========================================================================
Received Import Request.
  Time since last request: 16.605613 seconds.
  path: Assets/Asset FTTGR/Palettes/Obstacles
  artifactKey: Guid(471b9ba387e33a947beef546c014ba5b) Importer(815301076,1909f56bfc062723c751e8b465ee728b)
Start importing Assets/Asset FTTGR/Palettes/Obstacles using Guid(471b9ba387e33a947beef546c014ba5b) Importer(815301076,1909f56bfc062723c751e8b465ee728b)  -> (artifact id: '4e770a66d2e4749ee8e0e203805cd698') in 0.006212 seconds 
========================================================================
Received Import Request.
  Time since last request: 0.042429 seconds.
  path: Assets/Asset FTTGR/Palettes/Obstacles/Obstacles.prefab
  artifactKey: Guid(ad45f3e0e7037624f97906e4f00edd94) Importer(815301076,1909f56bfc062723c751e8b465ee728b)
Start importing Assets/Asset FTTGR/Palettes/Obstacles/Obstacles.prefab using Guid(ad45f3e0e7037624f97906e4f00edd94) Importer(815301076,1909f56bfc062723c751e8b465ee728b)  -> (artifact id: '336d7d571ae2285e7951f2ebf83812bf') in 0.014621 seconds 
========================================================================
Received Import Request.
  Time since last request: 0.000026 seconds.
  path: Assets/Asset FTTGR/Palettes/Obstacles/Obstacles3.asset
  artifactKey: Guid(1dc35492479f2ee4e915ed8f821aeb93) Importer(815301076,1909f56bfc062723c751e8b465ee728b)
Start importing Assets/Asset FTTGR/Palettes/Obstacles/Obstacles3.asset using Guid(1dc35492479f2ee4e915ed8f821aeb93) Importer(815301076,1909f56bfc062723c751e8b465ee728b)  -> (artifact id: '3f90065cf24a930f65d8593f4ad22e15') in 0.014319 seconds 
========================================================================
Received Import Request.
  Time since last request: 19.552193 seconds.
  path: Assets/Asset FTTGR/Materials/Distortion/Snowflakes
  artifactKey: Guid(ba249787b1ede114bb9fa700481764e4) Importer(815301076,1909f56bfc062723c751e8b465ee728b)
Start importing Assets/Asset FTTGR/Materials/Distortion/Snowflakes using Guid(ba249787b1ede114bb9fa700481764e4) Importer(815301076,1909f56bfc062723c751e8b465ee728b)  -> (artifact id: 'cde92160f25527bcb03a31321093720c') in 0.006565 seconds 
========================================================================
Received Import Request.
  Time since last request: 0.062503 seconds.
  path: Assets/Asset FTTGR/Materials/Distortion/Snowflakes/Snowflake1.mat
  artifactKey: Guid(3ffa773cdc9332b4381826614cbfdeb4) Importer(815301076,1909f56bfc062723c751e8b465ee728b)
Start importing Assets/Asset FTTGR/Materials/Distortion/Snowflakes/Snowflake1.mat using Guid(3ffa773cdc9332b4381826614cbfdeb4) Importer(815301076,1909f56bfc062723c751e8b465ee728b)  -> (artifact id: '2ca608c750f50fe1c092bc296478212e') in 0.032203 seconds 
========================================================================
Received Import Request.
  Time since last request: 15.573315 seconds.
  path: Assets/Asset FTTGR/Sprites/Environment/Decorations
  artifactKey: Guid(4041bdd8ac4174847ab5633b4dc1e2c2) Importer(815301076,1909f56bfc062723c751e8b465ee728b)
Start importing Assets/Asset FTTGR/Sprites/Environment/Decorations using Guid(4041bdd8ac4174847ab5633b4dc1e2c2) Importer(815301076,1909f56bfc062723c751e8b465ee728b)  -> (artifact id: 'f4aacfe1eabd77f6eb7f17fbcb929a5f') in 0.002061 seconds 
========================================================================
Received Import Request.
  Time since last request: 0.054976 seconds.
  path: Assets/Asset FTTGR/Sprites/Environment/Decorations/Else.png
  artifactKey: Guid(4c4dc131d2c789e459cc64987d258654) Importer(815301076,1909f56bfc062723c751e8b465ee728b)
Start importing Assets/Asset FTTGR/Sprites/Environment/Decorations/Else.png using Guid(4c4dc131d2c789e459cc64987d258654) Importer(815301076,1909f56bfc062723c751e8b465ee728b)  -> (artifact id: '72a3e6aadbe24c08a2a0076c28c7660a') in 0.172093 seconds 
========================================================================
Received Import Request.
  Time since last request: 2.997053 seconds.
  path: Assets/Asset FTTGR/Sprites/Environment/Tiles
  artifactKey: Guid(20691e162402dc941a9aa77ca7684574) Importer(815301076,1909f56bfc062723c751e8b465ee728b)
Start importing Assets/Asset FTTGR/Sprites/Environment/Tiles using Guid(20691e162402dc941a9aa77ca7684574) Importer(815301076,1909f56bfc062723c751e8b465ee728b)  -> (artifact id: 'a46bf86eeba5dbf5ed9cf1cf3ed5f6d7') in 0.006893 seconds 
========================================================================
Received Import Request.
  Time since last request: 0.037955 seconds.
  path: Assets/Asset FTTGR/Sprites/Environment/Tiles/Asphalt.png
  artifactKey: Guid(2dc0cdfc38412cc4fa008d9f278b84de) Importer(815301076,1909f56bfc062723c751e8b465ee728b)
Start importing Assets/Asset FTTGR/Sprites/Environment/Tiles/Asphalt.png using Guid(2dc0cdfc38412cc4fa008d9f278b84de) Importer(815301076,1909f56bfc062723c751e8b465ee728b)  -> (artifact id: '2b6d1860e465b8751f17e93fb8f88c4b') in 0.021965 seconds 
========================================================================
Received Import Request.
  Time since last request: 0.000028 seconds.
  path: Assets/Asset FTTGR/Sprites/Environment/Tiles/Obstacles.png
  artifactKey: Guid(7a58094f1cab38f468716886393141e4) Importer(815301076,1909f56bfc062723c751e8b465ee728b)
Start importing Assets/Asset FTTGR/Sprites/Environment/Tiles/Obstacles.png using Guid(7a58094f1cab38f468716886393141e4) Importer(815301076,1909f56bfc062723c751e8b465ee728b)  -> (artifact id: '5d127c7101617e725aa7ec39f6e93b20') in 0.014542 seconds 
========================================================================
Received Import Request.
  Time since last request: 0.000027 seconds.
  path: Assets/Asset FTTGR/Sprites/Environment/Tiles/Bridge.png
  artifactKey: Guid(65b64814faaaa5143b66a9e3d45b2d97) Importer(815301076,1909f56bfc062723c751e8b465ee728b)
Start importing Assets/Asset FTTGR/Sprites/Environment/Tiles/Bridge.png using Guid(65b64814faaaa5143b66a9e3d45b2d97) Importer(815301076,1909f56bfc062723c751e8b465ee728b)  -> (artifact id: 'f92305a5cedc9450cdc1a1e85fa6d0bb') in 0.019294 seconds 
========================================================================
Received Import Request.
  Time since last request: 0.000020 seconds.
  path: Assets/Asset FTTGR/Sprites/Environment/Tiles/Snow.png
  artifactKey: Guid(e327d46c8f3d5804d9dffdc35b8c466c) Importer(815301076,1909f56bfc062723c751e8b465ee728b)
Start importing Assets/Asset FTTGR/Sprites/Environment/Tiles/Snow.png using Guid(e327d46c8f3d5804d9dffdc35b8c466c) Importer(815301076,1909f56bfc062723c751e8b465ee728b)  -> (artifact id: '6395fc4f2b9f955e29e2d01f01abffae') in 0.017069 seconds 
========================================================================
Received Import Request.
  Time since last request: 0.000020 seconds.
  path: Assets/Asset FTTGR/Sprites/Environment/Tiles/GroundInBackground.png
  artifactKey: Guid(a5050e68ff69b2a4486d77595a244746) Importer(815301076,1909f56bfc062723c751e8b465ee728b)
Start importing Assets/Asset FTTGR/Sprites/Environment/Tiles/GroundInBackground.png using Guid(a5050e68ff69b2a4486d77595a244746) Importer(815301076,1909f56bfc062723c751e8b465ee728b)  -> (artifact id: '9f65c41cccf08debe25ce407da1d3b4b') in 0.077083 seconds 
========================================================================
Received Import Request.
  Time since last request: 64.848868 seconds.
  path: Assets/Asset FTTGR/Demo.unity
  artifactKey: Guid(cb762e75f8199874789ba5cdf1fde405) Importer(815301076,1909f56bfc062723c751e8b465ee728b)
Start importing Assets/Asset FTTGR/Demo.unity using Guid(cb762e75f8199874789ba5cdf1fde405) Importer(815301076,1909f56bfc062723c751e8b465ee728b)  -> (artifact id: 'de8b0c3fa8129068183be060e15b16c4') in 0.006219 seconds 
========================================================================
Received Import Request.
  Time since last request: 16.822979 seconds.
  path: Assets/Scenes/SampleScene.unity
  artifactKey: Guid(8c9cfa26abfee488c85f1582747f6a02) Importer(815301076,1909f56bfc062723c751e8b465ee728b)
Start importing Assets/Scenes/SampleScene.unity using Guid(8c9cfa26abfee488c85f1582747f6a02) Importer(815301076,1909f56bfc062723c751e8b465ee728b)  -> (artifact id: '2b5dc7229fd3a11d957df812da33db63') in 0.006338 seconds 
========================================================================
Received Import Request.
  Time since last request: 43.630704 seconds.
  path: Assets/Asset FTTGR/Sprites/Environment/Grounds/New Animation.anim
  artifactKey: Guid(6c1ec63b3d547fd4cb71da67d9bb1cce) Importer(815301076,1909f56bfc062723c751e8b465ee728b)
Start importing Assets/Asset FTTGR/Sprites/Environment/Grounds/New Animation.anim using Guid(6c1ec63b3d547fd4cb71da67d9bb1cce) Importer(815301076,1909f56bfc062723c751e8b465ee728b)  -> (artifact id: '3a60400663480b4439efa846cb198db0') in 0.008000 seconds 
========================================================================
Received Import Request.
  Time since last request: 23.572485 seconds.
  path: Assets/Asset FTTGR/Sprites/Environment/InteractiveObjects
  artifactKey: Guid(6d29d7e0f3b5adf4f9134a3ee846a9fe) Importer(815301076,1909f56bfc062723c751e8b465ee728b)
Start importing Assets/Asset FTTGR/Sprites/Environment/InteractiveObjects using Guid(6d29d7e0f3b5adf4f9134a3ee846a9fe) Importer(815301076,1909f56bfc062723c751e8b465ee728b)  -> (artifact id: '29a570d380a808d298293bd68c60593e') in 0.002227 seconds 
========================================================================
Received Import Request.
  Time since last request: 0.021293 seconds.
  path: Assets/Asset FTTGR/Sprites/Environment/InteractiveObjects/Spring.png
  artifactKey: Guid(d29b2903d31d6714092731b37abde4bc) Importer(815301076,1909f56bfc062723c751e8b465ee728b)
Start importing Assets/Asset FTTGR/Sprites/Environment/InteractiveObjects/Spring.png using Guid(d29b2903d31d6714092731b37abde4bc) Importer(815301076,1909f56bfc062723c751e8b465ee728b)  -> (artifact id: '08e4852d8869b2dd367bcf82254445a2') in 0.029095 seconds 
========================================================================
Received Import Request.
  Time since last request: 44.768260 seconds.
  path: Packages/com.unity.2d.animation/Editor/Assets/SkinningModule/Icons/Selected/Paste@3x.png
  artifactKey: Guid(e6fe7bda78bd09a46bb7f4a684a91927) Importer(815301076,1909f56bfc062723c751e8b465ee728b)
Start importing Packages/com.unity.2d.animation/Editor/Assets/SkinningModule/Icons/Selected/Paste@3x.png using Guid(e6fe7bda78bd09a46bb7f4a684a91927) Importer(815301076,1909f56bfc062723c751e8b465ee728b)  -> (artifact id: '4c1d9871c07abb86d7469a13e0fef01e') in 0.042993 seconds 
========================================================================
Received Import Request.
  Time since last request: 0.000023 seconds.
  path: Packages/com.unity.2d.animation/Editor/Assets/SkinningModule/Icons/Light/Paste@4x.png
  artifactKey: Guid(f53eca637c0194e4ab6729cf60753757) Importer(815301076,1909f56bfc062723c751e8b465ee728b)
Start importing Packages/com.unity.2d.animation/Editor/Assets/SkinningModule/Icons/Light/Paste@4x.png using Guid(f53eca637c0194e4ab6729cf60753757) Importer(815301076,1909f56bfc062723c751e8b465ee728b)  -> (artifact id: '94efa3b78b0b3ea2631ce212737c9de2') in 0.039598 seconds 
========================================================================
Received Import Request.
  Time since last request: 1645.036227 seconds.
  path: Assets/Scenes/SampleScene.unity
  artifactKey: Guid(8c9cfa26abfee488c85f1582747f6a02) Importer(815301076,1909f56bfc062723c751e8b465ee728b)
Start importing Assets/Scenes/SampleScene.unity using Guid(8c9cfa26abfee488c85f1582747f6a02) Importer(815301076,1909f56bfc062723c751e8b465ee728b)  -> (artifact id: 'cbca7961f3e9f10d01b182aea64807a4') in 0.002339 seconds 
========================================================================
Received Import Request.
  Time since last request: 23.926203 seconds.
  path: Assets/Scenes/SampleScene.unity
  artifactKey: Guid(8c9cfa26abfee488c85f1582747f6a02) Importer(815301076,1909f56bfc062723c751e8b465ee728b)
Start importing Assets/Scenes/SampleScene.unity using Guid(8c9cfa26abfee488c85f1582747f6a02) Importer(815301076,1909f56bfc062723c751e8b465ee728b)  -> (artifact id: '055c88d90a1482460e60876b1b7d9876') in 0.002100 seconds 
========================================================================
Received Import Request.
  Time since last request: 189.573912 seconds.
  path: Assets/Asset FTTGR/Sprites/Characters
  artifactKey: Guid(0b93ca6e664d58143b42ccc610745816) Importer(815301076,1909f56bfc062723c751e8b465ee728b)
Start importing Assets/Asset FTTGR/Sprites/Characters using Guid(0b93ca6e664d58143b42ccc610745816) Importer(815301076,1909f56bfc062723c751e8b465ee728b)  -> (artifact id: '5ef0a495b3338f9a5620d89b43fd011f') in 0.007833 seconds 
========================================================================
Received Import Request.
  Time since last request: 1.590923 seconds.
  path: Assets/Asset FTTGR/Sprites/Characters/Enemies
  artifactKey: Guid(91dd2c976215eb446b55f0ef442638e1) Importer(815301076,1909f56bfc062723c751e8b465ee728b)
Start importing Assets/Asset FTTGR/Sprites/Characters/Enemies using Guid(91dd2c976215eb446b55f0ef442638e1) Importer(815301076,1909f56bfc062723c751e8b465ee728b)  -> (artifact id: '9d2fa17180c35290ace1ae81c1f77f96') in 0.006214 seconds 
========================================================================
Received Import Request.
  Time since last request: 0.034417 seconds.
  path: Assets/Asset FTTGR/Sprites/Characters/Enemies/Crow.png
  artifactKey: Guid(812be1d8af7298f468ca67aaeb530efe) Importer(815301076,1909f56bfc062723c751e8b465ee728b)
Start importing Assets/Asset FTTGR/Sprites/Characters/Enemies/Crow.png using Guid(812be1d8af7298f468ca67aaeb530efe) Importer(815301076,1909f56bfc062723c751e8b465ee728b)  -> (artifact id: '8e86bb0567ccb01b73e337c4eaf807aa') in 0.068232 seconds 
========================================================================
Received Import Request.
  Time since last request: 0.000027 seconds.
  path: Assets/Asset FTTGR/Sprites/Characters/Enemies/Skeleton.png
  artifactKey: Guid(761cb6193fc28134593f8eb255f4bf89) Importer(815301076,1909f56bfc062723c751e8b465ee728b)
Start importing Assets/Asset FTTGR/Sprites/Characters/Enemies/Skeleton.png using Guid(761cb6193fc28134593f8eb255f4bf89) Importer(815301076,1909f56bfc062723c751e8b465ee728b)  -> (artifact id: '201000b9741b7d72f9ed53d9731642d8') in 0.053715 seconds 
Editor requested this worker to shutdown with reason: Scaling down because of idle timeout
AssetImportWorker is now disconnected from the server
Process exiting
Exiting without the bug reporter. Application will terminate with return code 0