Using pre-set license
Built from '2021.3/staging' branch; Version is '2021.3.22f1 (b6c551784ba3) revision 11978065'; Using compiler version '192829333'; Build Type 'Release'
OS: 'Windows 10  (10.0.19045) 64bit Professional' Language: 'en' Physical Memory: 32681 MB
BatchMode: 1, IsHumanControllingUs: 0, StartBugReporterOnCrash: 0, Is64bit: 1, IsPro: 1

COMMAND LINE ARGUMENTS:
C:\Program Files\Unity\Hub\Editor\2021.3.22f1\Editor\Unity.exe
-adb2
-batchMode
-noUpm
-name
AssetImportWorker5
-projectPath
C:/Users/lukea/Documents/GitHub/Demise/Demise
-logFile
Logs/AssetImportWorker5.log
-srvPort
50930
Successfully changed project path to: C:/Users/lukea/Documents/GitHub/Demise/Demise
C:/Users/lukea/Documents/GitHub/Demise/Demise
[UnityMemory] Configuration Parameters - Can be set up in boot.config
    "memorysetup-bucket-allocator-granularity=16"
    "memorysetup-bucket-allocator-bucket-count=8"
    "memorysetup-bucket-allocator-block-size=33554432"
    "memorysetup-bucket-allocator-block-count=8"
    "memorysetup-main-allocator-block-size=16777216"
    "memorysetup-thread-allocator-block-size=16777216"
    "memorysetup-gfx-main-allocator-block-size=16777216"
    "memorysetup-gfx-thread-allocator-block-size=16777216"
    "memorysetup-cache-allocator-block-size=4194304"
    "memorysetup-typetree-allocator-block-size=2097152"
    "memorysetup-profiler-bucket-allocator-granularity=16"
    "memorysetup-profiler-bucket-allocator-bucket-count=8"
    "memorysetup-profiler-bucket-allocator-block-size=33554432"
    "memorysetup-profiler-bucket-allocator-block-count=8"
    "memorysetup-profiler-allocator-block-size=16777216"
    "memorysetup-profiler-editor-allocator-block-size=1048576"
    "memorysetup-temp-allocator-size-main=16777216"
    "memorysetup-job-temp-allocator-block-size=2097152"
    "memorysetup-job-temp-allocator-block-size-background=1048576"
    "memorysetup-job-temp-allocator-reduction-small-platforms=262144"
    "memorysetup-temp-allocator-size-background-worker=32768"
    "memorysetup-temp-allocator-size-job-worker=262144"
    "memorysetup-temp-allocator-size-preload-manager=33554432"
    "memorysetup-temp-allocator-size-nav-mesh-worker=65536"
    "memorysetup-temp-allocator-size-audio-worker=65536"
    "memorysetup-temp-allocator-size-cloud-worker=32768"
    "memorysetup-temp-allocator-size-gi-baking-worker=262144"
    "memorysetup-temp-allocator-size-gfx=262144"
Player connection [52488] Host "[IP] 192.168.3.5 [Port] 0 [Flags] 2 [Guid] 244403431 [EditorId] 244403431 [Version] 1048832 [Id] WindowsEditor(7,LukeMain) [Debug] 1 [PackageName] WindowsEditor [ProjectName] Editor" joined multi-casting on [225.0.0.222:54997]...

Player connection [52488] Host "[IP] 192.168.3.5 [Port] 0 [Flags] 2 [Guid] 244403431 [EditorId] 244403431 [Version] 1048832 [Id] WindowsEditor(7,LukeMain) [Debug] 1 [PackageName] WindowsEditor [ProjectName] Editor" joined alternative multi-casting on [225.0.0.222:34997]...

Refreshing native plugins compatible for Editor in 94.74 ms, found 4 plugins.
Preloading 0 native plugins for Editor in 0.00 ms.
Initialize engine version: 2021.3.22f1 (b6c551784ba3)
[Subsystems] Discovering subsystems at path C:/Program Files/Unity/Hub/Editor/2021.3.22f1/Editor/Data/Resources/UnitySubsystems
[Subsystems] Discovering subsystems at path C:/Users/lukea/Documents/GitHub/Demise/Demise/Assets
GfxDevice: creating device client; threaded=0; jobified=0
Direct3D:
    Version:  Direct3D 11.0 [level 11.1]
    Renderer: NVIDIA GeForce RTX 2060 (ID=0x1f08)
    Vendor:   NVIDIA
    VRAM:     5968 MB
    Driver:   31.0.15.2849
Initialize mono
Mono path[0] = 'C:/Program Files/Unity/Hub/Editor/2021.3.22f1/Editor/Data/Managed'
Mono path[1] = 'C:/Program Files/Unity/Hub/Editor/2021.3.22f1/Editor/Data/MonoBleedingEdge/lib/mono/unityjit-win32'
Mono config path = 'C:/Program Files/Unity/Hub/Editor/2021.3.22f1/Editor/Data/MonoBleedingEdge/etc'
Using monoOptions --debugger-agent=transport=dt_socket,embedding=1,server=y,suspend=n,address=127.0.0.1:56308
Begin MonoManager ReloadAssembly
Registering precompiled unity dll's ...
Register platform support module: C:/Program Files/Unity/Hub/Editor/2021.3.22f1/Editor/Data/PlaybackEngines/WebGLSupport/UnityEditor.WebGL.Extensions.dll
Register platform support module: C:/Program Files/Unity/Hub/Editor/2021.3.22f1/Editor/Data/PlaybackEngines/WindowsStandaloneSupport/UnityEditor.WindowsStandalone.Extensions.dll
Registered in 0.009332 seconds.
Native extension for WindowsStandalone target not found
Native extension for WebGL target not found
Refreshing native plugins compatible for Editor in 91.32 ms, found 4 plugins.
Preloading 0 native plugins for Editor in 0.00 ms.
Mono: successfully reloaded assembly
- Completed reload, in  0.552 seconds
Domain Reload Profiling:
	ReloadAssembly (552ms)
		BeginReloadAssembly (82ms)
			ExecutionOrderSort (0ms)
			DisableScriptedObjects (0ms)
			BackupInstance (0ms)
			ReleaseScriptingObjects (0ms)
			CreateAndSetChildDomain (1ms)
		EndReloadAssembly (381ms)
			LoadAssemblies (79ms)
			RebuildTransferFunctionScriptingTraits (0ms)
			SetupTypeCache (83ms)
			ReleaseScriptCaches (0ms)
			RebuildScriptCaches (20ms)
			SetupLoadedEditorAssemblies (234ms)
				LogAssemblyErrors (0ms)
				InitializePlatformSupportModulesInManaged (9ms)
				SetLoadedEditorAssemblies (0ms)
				RefreshPlugins (91ms)
				BeforeProcessingInitializeOnLoad (1ms)
				ProcessInitializeOnLoadAttributes (96ms)
				ProcessInitializeOnLoadMethodAttributes (37ms)
				AfterProcessingInitializeOnLoad (0ms)
				EditorAssembliesLoaded (0ms)
			ExecutionOrderSort2 (0ms)
			AwakeInstancesAfterBackupRestoration (0ms)
Platform modules already initialized, skipping
Registering precompiled user dll's ...
Registered in 0.007565 seconds.
Begin MonoManager ReloadAssembly
Symbol file LoadedFromMemory doesn't match image C:\Users\lukea\Documents\GitHub\Demise\Demise\Library\PackageCache\com.unity.visualscripting@1.8.0\Editor\VisualScripting.Core\Dependencies\YamlDotNet\Unity.VisualScripting.YamlDotNet.dll
Symbol file LoadedFromMemory doesn't match image C:\Users\lukea\Documents\GitHub\Demise\Demise\Library\PackageCache\com.unity.visualscripting@1.8.0\Editor\VisualScripting.Core\Dependencies\DotNetZip\Unity.VisualScripting.IonicZip.dll
Native extension for WindowsStandalone target not found
Native extension for WebGL target not found
Refreshing native plugins compatible for Editor in 101.01 ms, found 4 plugins.
Preloading 0 native plugins for Editor in 0.00 ms.
Mono: successfully reloaded assembly
- Completed reload, in  1.188 seconds
Domain Reload Profiling:
	ReloadAssembly (1189ms)
		BeginReloadAssembly (111ms)
			ExecutionOrderSort (0ms)
			DisableScriptedObjects (5ms)
			BackupInstance (0ms)
			ReleaseScriptingObjects (0ms)
			CreateAndSetChildDomain (17ms)
		EndReloadAssembly (980ms)
			LoadAssemblies (94ms)
			RebuildTransferFunctionScriptingTraits (0ms)
			SetupTypeCache (211ms)
			ReleaseScriptCaches (1ms)
			RebuildScriptCaches (45ms)
			SetupLoadedEditorAssemblies (607ms)
				LogAssemblyErrors (0ms)
				InitializePlatformSupportModulesInManaged (6ms)
				SetLoadedEditorAssemblies (0ms)
				RefreshPlugins (101ms)
				BeforeProcessingInitializeOnLoad (106ms)
				ProcessInitializeOnLoadAttributes (322ms)
				ProcessInitializeOnLoadMethodAttributes (62ms)
				AfterProcessingInitializeOnLoad (10ms)
				EditorAssembliesLoaded (0ms)
			ExecutionOrderSort2 (0ms)
			AwakeInstancesAfterBackupRestoration (5ms)
Platform modules already initialized, skipping
========================================================================
Worker process is ready to serve import requests
Launched and connected shader compiler UnityShaderCompiler.exe after 0.04 seconds
Refreshing native plugins compatible for Editor in 0.90 ms, found 4 plugins.
Preloading 0 native plugins for Editor in 0.00 ms.
Unloading 5220 Unused Serialized files (Serialized files now loaded: 0)
Unloading 40 unused Assets / (0.7 MB). Loaded Objects now: 5674.
Memory consumption went from 206.7 MB to 206.0 MB.
Total: 3.694100 ms (FindLiveObjects: 0.363700 ms CreateObjectMapping: 0.192300 ms MarkObjects: 2.875600 ms  DeleteObjects: 0.261800 ms)

AssetImportParameters requested are different than current active one (requested -> active):
  custom:video-decoder-ogg-theora: a1e56fd34408186e4bbccfd4996cb3dc -> 
  custom:container-muxer-webm: aa71ff27fc2769a1b78a27578f13a17b -> 
  custom:container-demuxer-webm: 4f35f7cbe854078d1ac9338744f61a02 -> 
  custom:video-encoder-webm-vp8: eb34c28f22e8b96e1ab97ce403110664 -> 
  custom:audio-encoder-webm-vorbis: bf7c407c2cedff20999df2af8eb42d56 -> 
  custom:framework-win-MediaFoundation: 216162199b28c13a410421893ffa2e32 -> 
  custom:container-demuxer-ogg: 62fdf1f143b41e24485cea50d1cbac27 -> 
  custom:video-decoder-webm-vp8: 9c59270c3fd7afecdb556c50c9e8de78 -> 
  custom:audio-decoder-ogg-vorbis: bf7c407c2cedff20999df2af8eb42d56 -> 
========================================================================
Received Import Request.
  Time since last request: 24198.319023 seconds.
  path: Assets/Asset FTTGR/Prefabs/Enviroment/Decorations/FireType1.prefab
  artifactKey: Guid(f1d9c88f8b606ff45bed382351f4f004) Importer(2089858483,0ecaa5967403d082aa24f35e1b516d23)
Start importing Assets/Asset FTTGR/Prefabs/Enviroment/Decorations/FireType1.prefab using Guid(f1d9c88f8b606ff45bed382351f4f004) Importer(2089858483,0ecaa5967403d082aa24f35e1b516d23) Generated GUIDs only implemented for interfaces!
 -> (artifact id: '29f33b85ea07d61e51fff2a77c6d83ae') in 0.146085 seconds 
========================================================================
Received Import Request.
  Time since last request: 0.000015 seconds.
  path: Assets/Asset FTTGR/Audio/SFX/Mushroom/MushroomDeath.wav
  artifactKey: Guid(1218222033bd1744f8433830bdeb72df) Importer(2089858483,0ecaa5967403d082aa24f35e1b516d23)
Start importing Assets/Asset FTTGR/Audio/SFX/Mushroom/MushroomDeath.wav using Guid(1218222033bd1744f8433830bdeb72df) Importer(2089858483,0ecaa5967403d082aa24f35e1b516d23) Generated GUIDs only implemented for interfaces!
 -> (artifact id: '8c9f8f4faa9e4e3c811fbe6a1e713e95') in 0.080356 seconds 
========================================================================
Received Import Request.
  Time since last request: 0.000018 seconds.
  path: Assets/Asset FTTGR/Sprites/Characters/Enemies/New Animation.anim
  artifactKey: Guid(dc0cdbca22f86bb45816a633bc03b9d1) Importer(2089858483,0ecaa5967403d082aa24f35e1b516d23)
Start importing Assets/Asset FTTGR/Sprites/Characters/Enemies/New Animation.anim using Guid(dc0cdbca22f86bb45816a633bc03b9d1) Importer(2089858483,0ecaa5967403d082aa24f35e1b516d23) Generated GUIDs only implemented for interfaces!
 -> (artifact id: '88c1519597c0f63a8ced196877ed0bab') in 0.009037 seconds 
========================================================================
Received Import Request.
  Time since last request: 0.000023 seconds.
  path: Assets/Asset FTTGR/Animations/Environment/Decorations/Rags/Rag1/Rag1.controller
  artifactKey: Guid(c4336840062ddad469453a4a41adea17) Importer(2089858483,0ecaa5967403d082aa24f35e1b516d23)
Start importing Assets/Asset FTTGR/Animations/Environment/Decorations/Rags/Rag1/Rag1.controller using Guid(c4336840062ddad469453a4a41adea17) Importer(2089858483,0ecaa5967403d082aa24f35e1b516d23) Generated GUIDs only implemented for interfaces!
 -> (artifact id: '81966a364e7b71de2413ecb4f5206047') in 0.005610 seconds 
========================================================================
Received Import Request.
  Time since last request: 0.000011 seconds.
  path: Assets/Asset FTTGR/Sprites/Environment/Grounds/Platforms1.controller
  artifactKey: Guid(27089c658d1f0bd438656dc85028c4b3) Importer(2089858483,0ecaa5967403d082aa24f35e1b516d23)
Start importing Assets/Asset FTTGR/Sprites/Environment/Grounds/Platforms1.controller using Guid(27089c658d1f0bd438656dc85028c4b3) Importer(2089858483,0ecaa5967403d082aa24f35e1b516d23) Generated GUIDs only implemented for interfaces!
 -> (artifact id: '3bf73a56be8a3176007004832bdc948c') in 0.003515 seconds 
========================================================================
Received Import Request.
  Time since last request: 0.000007 seconds.
  path: Assets/Asset FTTGR/Animations/Environment/Decorations/Grasses/Grass1/Grass1.controller
  artifactKey: Guid(45e635622d0c941418d5e303f718c804) Importer(2089858483,0ecaa5967403d082aa24f35e1b516d23)
Start importing Assets/Asset FTTGR/Animations/Environment/Decorations/Grasses/Grass1/Grass1.controller using Guid(45e635622d0c941418d5e303f718c804) Importer(2089858483,0ecaa5967403d082aa24f35e1b516d23) Generated GUIDs only implemented for interfaces!
 -> (artifact id: 'bd7ec6dbcb550ac4552599b32c1bd59d') in 0.003604 seconds 
========================================================================
Received Import Request.
  Time since last request: 0.000008 seconds.
  path: Assets/Asset FTTGR/Sprites/Environment/Grounds/LampPost.png
  artifactKey: Guid(ea28957760b3ed94998c036c153ac07f) Importer(2089858483,0ecaa5967403d082aa24f35e1b516d23)
Start importing Assets/Asset FTTGR/Sprites/Environment/Grounds/LampPost.png using Guid(ea28957760b3ed94998c036c153ac07f) Importer(2089858483,0ecaa5967403d082aa24f35e1b516d23) Generated GUIDs only implemented for interfaces!
 -> (artifact id: '0dc132201381b010d7a6831fcc299a87') in 0.032650 seconds 
========================================================================
Received Import Request.
  Time since last request: 0.000014 seconds.
  path: Assets/Asset FTTGR/Palettes/Obstacles/Obstacles.prefab
  artifactKey: Guid(ad45f3e0e7037624f97906e4f00edd94) Importer(2089858483,0ecaa5967403d082aa24f35e1b516d23)
Start importing Assets/Asset FTTGR/Palettes/Obstacles/Obstacles.prefab using Guid(ad45f3e0e7037624f97906e4f00edd94) Importer(2089858483,0ecaa5967403d082aa24f35e1b516d23) Generated GUIDs only implemented for interfaces!
 -> (artifact id: 'cd07a1c72cd53584639fe43a2b641244') in 0.011787 seconds 
========================================================================
Received Import Request.
  Time since last request: 0.000012 seconds.
  path: Assets/Asset FTTGR/Animations/Characters/Hero/OpenedBag.anim
  artifactKey: Guid(2b16952b7302c3e4583045a889bbf57b) Importer(2089858483,0ecaa5967403d082aa24f35e1b516d23)
Start importing Assets/Asset FTTGR/Animations/Characters/Hero/OpenedBag.anim using Guid(2b16952b7302c3e4583045a889bbf57b) Importer(2089858483,0ecaa5967403d082aa24f35e1b516d23) Generated GUIDs only implemented for interfaces!
 -> (artifact id: 'b4ef36b698695085684151480a3373b2') in 0.004867 seconds 
========================================================================
Received Import Request.
  Time since last request: 0.000012 seconds.
  path: Assets/Asset FTTGR/Animations/Characters/Enemy/IceGolem/IceGolem.controller
  artifactKey: Guid(6bdfe8af26bcfec4f92ea5a33b2a91f7) Importer(2089858483,0ecaa5967403d082aa24f35e1b516d23)
Start importing Assets/Asset FTTGR/Animations/Characters/Enemy/IceGolem/IceGolem.controller using Guid(6bdfe8af26bcfec4f92ea5a33b2a91f7) Importer(2089858483,0ecaa5967403d082aa24f35e1b516d23) Generated GUIDs only implemented for interfaces!
 -> (artifact id: '1f887838e802af225f76d4c89024c5a4') in 0.004920 seconds 
========================================================================
Received Import Request.
  Time since last request: 0.000015 seconds.
  path: Assets/Asset FTTGR/Audio/SFX/Skeleton/SkeletonPunch.wav
  artifactKey: Guid(0db81b61afcdb2e469705744845593bd) Importer(2089858483,0ecaa5967403d082aa24f35e1b516d23)
Start importing Assets/Asset FTTGR/Audio/SFX/Skeleton/SkeletonPunch.wav using Guid(0db81b61afcdb2e469705744845593bd) Importer(2089858483,0ecaa5967403d082aa24f35e1b516d23) Generated GUIDs only implemented for interfaces!
 -> (artifact id: 'ec7cb98902f2a6db7de9f42585b6d3c8') in 0.042928 seconds 
========================================================================
Received Import Request.
  Time since last request: 0.000013 seconds.
  path: Assets/Asset FTTGR/Prefabs/Characters/Enemies/Wolf.prefab
  artifactKey: Guid(7431c2a8c8828bc4e978528a6810d109) Importer(2089858483,0ecaa5967403d082aa24f35e1b516d23)
Start importing Assets/Asset FTTGR/Prefabs/Characters/Enemies/Wolf.prefab using Guid(7431c2a8c8828bc4e978528a6810d109) Importer(2089858483,0ecaa5967403d082aa24f35e1b516d23) Generated GUIDs only implemented for interfaces!
 -> (artifact id: '15c6db3e4d8ef1bf1f6e77816d909b6f') in 0.007423 seconds 
========================================================================
Received Import Request.
  Time since last request: 0.000015 seconds.
  path: Assets/Asset FTTGR/Animations/Environment/Decorations/Rags/Rag2/Idle.anim
  artifactKey: Guid(fa60b26269b626f459d0ad811bdd85fc) Importer(2089858483,0ecaa5967403d082aa24f35e1b516d23)
Start importing Assets/Asset FTTGR/Animations/Environment/Decorations/Rags/Rag2/Idle.anim using Guid(fa60b26269b626f459d0ad811bdd85fc) Importer(2089858483,0ecaa5967403d082aa24f35e1b516d23) Generated GUIDs only implemented for interfaces!
 -> (artifact id: '953ac2e2751388d00bc539a3addf0782') in 0.004413 seconds 
========================================================================
Received Import Request.
  Time since last request: 0.000010 seconds.
  path: Assets/Asset FTTGR/Audio/SFX/Mushroom/MushroomRollingAirLoop.wav
  artifactKey: Guid(d68c5451981e5a84dba7d51d5d576734) Importer(2089858483,0ecaa5967403d082aa24f35e1b516d23)
Start importing Assets/Asset FTTGR/Audio/SFX/Mushroom/MushroomRollingAirLoop.wav using Guid(d68c5451981e5a84dba7d51d5d576734) Importer(2089858483,0ecaa5967403d082aa24f35e1b516d23) Generated GUIDs only implemented for interfaces!
 -> (artifact id: 'b35faee9c7ad859760d86d3bf3cc3e3c') in 0.041779 seconds 
========================================================================
Received Import Request.
  Time since last request: 0.000017 seconds.
  path: Assets/Asset FTTGR/Sprites/Environment/Grounds/WhiteBlock.png
  artifactKey: Guid(852c417e195f6f445a5b6635abe9e118) Importer(2089858483,0ecaa5967403d082aa24f35e1b516d23)
Start importing Assets/Asset FTTGR/Sprites/Environment/Grounds/WhiteBlock.png using Guid(852c417e195f6f445a5b6635abe9e118) Importer(2089858483,0ecaa5967403d082aa24f35e1b516d23) Generated GUIDs only implemented for interfaces!
 -> (artifact id: 'ab10671ac7a44d692d49b65e02e544e5') in 0.009271 seconds 
========================================================================
Received Import Request.
  Time since last request: 0.000019 seconds.
  path: Assets/Asset FTTGR/Sprites/Environment/Grounds/Trees.png
  artifactKey: Guid(5376a23d7e8070945ad49c67d3a8ccfd) Importer(2089858483,0ecaa5967403d082aa24f35e1b516d23)
Start importing Assets/Asset FTTGR/Sprites/Environment/Grounds/Trees.png using Guid(5376a23d7e8070945ad49c67d3a8ccfd) Importer(2089858483,0ecaa5967403d082aa24f35e1b516d23) Generated GUIDs only implemented for interfaces!
 -> (artifact id: 'e536238a1e4771c61276fd9ee20d5c72') in 0.019247 seconds 
========================================================================
Received Import Request.
  Time since last request: 0.000012 seconds.
  path: Assets/Asset FTTGR/Sprites/Environment/Decorations/flame.anim
  artifactKey: Guid(49fdef7644db5b3459b7cf6472e43f0f) Importer(2089858483,0ecaa5967403d082aa24f35e1b516d23)
Start importing Assets/Asset FTTGR/Sprites/Environment/Decorations/flame.anim using Guid(49fdef7644db5b3459b7cf6472e43f0f) Importer(2089858483,0ecaa5967403d082aa24f35e1b516d23) Generated GUIDs only implemented for interfaces!
 -> (artifact id: 'f1210cfd6ae8fef118b4141170eb4443') in 0.004525 seconds 
========================================================================
Received Import Request.
  Time since last request: 0.000012 seconds.
  path: Assets/Asset FTTGR/Animations/Environment/Decorations/Lianas/Lian1/Liana1.controller
  artifactKey: Guid(32b2db2520256cf4aa93b00ff0540ab6) Importer(2089858483,0ecaa5967403d082aa24f35e1b516d23)
Start importing Assets/Asset FTTGR/Animations/Environment/Decorations/Lianas/Lian1/Liana1.controller using Guid(32b2db2520256cf4aa93b00ff0540ab6) Importer(2089858483,0ecaa5967403d082aa24f35e1b516d23) Generated GUIDs only implemented for interfaces!
 -> (artifact id: 'e015cae246c48ce9dd28ee2b77b040d1') in 0.003964 seconds 
========================================================================
Received Import Request.
  Time since last request: 0.000012 seconds.
  path: Assets/Asset FTTGR/Prefabs/VFXs/EffectLeaf.prefab
  artifactKey: Guid(52294dd60a0fa6e4e89694982318eec8) Importer(2089858483,0ecaa5967403d082aa24f35e1b516d23)
Start importing Assets/Asset FTTGR/Prefabs/VFXs/EffectLeaf.prefab using Guid(52294dd60a0fa6e4e89694982318eec8) Importer(2089858483,0ecaa5967403d082aa24f35e1b516d23) Generated GUIDs only implemented for interfaces!
 -> (artifact id: '2c9834470f65a8b8c22694a4350d2cef') in 0.061084 seconds 
========================================================================
Received Import Request.
  Time since last request: 0.000013 seconds.
  path: Assets/Asset FTTGR/Animations/Environment/Decorations/Rags/Rag1/Idle.anim
  artifactKey: Guid(97ce1cb1bd68545409f69b54a24cf6f6) Importer(2089858483,0ecaa5967403d082aa24f35e1b516d23)
Start importing Assets/Asset FTTGR/Animations/Environment/Decorations/Rags/Rag1/Idle.anim using Guid(97ce1cb1bd68545409f69b54a24cf6f6) Importer(2089858483,0ecaa5967403d082aa24f35e1b516d23) Generated GUIDs only implemented for interfaces!
 -> (artifact id: '7546df61a574e7b8a7da9f7e596b1879') in 0.005855 seconds 
========================================================================
Received Import Request.
  Time since last request: 0.000010 seconds.
  path: Assets/Asset FTTGR/Materials/Distortion/Snowflakes/Snowflake2.mat
  artifactKey: Guid(e1ad12614e11efd439ddd46738014b88) Importer(2089858483,0ecaa5967403d082aa24f35e1b516d23)
Start importing Assets/Asset FTTGR/Materials/Distortion/Snowflakes/Snowflake2.mat using Guid(e1ad12614e11efd439ddd46738014b88) Importer(2089858483,0ecaa5967403d082aa24f35e1b516d23) Generated GUIDs only implemented for interfaces!
 -> (artifact id: 'c2b30ebd4b59721d19444a7e5a4529f7') in 0.014370 seconds 
========================================================================
Received Import Request.
  Time since last request: 0.000013 seconds.
  path: Assets/Asset FTTGR/Animations/Characters/Enemy/Wolf/Death.anim
  artifactKey: Guid(56b5b4667a43e9043a4f0091d9acf417) Importer(2089858483,0ecaa5967403d082aa24f35e1b516d23)
Start importing Assets/Asset FTTGR/Animations/Characters/Enemy/Wolf/Death.anim using Guid(56b5b4667a43e9043a4f0091d9acf417) Importer(2089858483,0ecaa5967403d082aa24f35e1b516d23) Generated GUIDs only implemented for interfaces!
 -> (artifact id: '7c2cdb98f898d7ab16f4cdb926854062') in 0.004399 seconds 
========================================================================
Received Import Request.
  Time since last request: 0.000041 seconds.
  path: Assets/Asset FTTGR/Sprites/Environment/Tiles/Bilding.png
  artifactKey: Guid(04e873d935a01ac4181d82749539eed0) Importer(2089858483,0ecaa5967403d082aa24f35e1b516d23)
Start importing Assets/Asset FTTGR/Sprites/Environment/Tiles/Bilding.png using Guid(04e873d935a01ac4181d82749539eed0) Importer(2089858483,0ecaa5967403d082aa24f35e1b516d23) Generated GUIDs only implemented for interfaces!
 -> (artifact id: '579039a8450927492d34d00f68fd15d2') in 0.020278 seconds 
========================================================================
Received Import Request.
  Time since last request: 0.000024 seconds.
  path: Assets/Asset FTTGR/Animations/Characters/Enemy/Skeleton/Death.anim
  artifactKey: Guid(5a8440cdd179e1e40a16281c463b00a0) Importer(2089858483,0ecaa5967403d082aa24f35e1b516d23)
Start importing Assets/Asset FTTGR/Animations/Characters/Enemy/Skeleton/Death.anim using Guid(5a8440cdd179e1e40a16281c463b00a0) Importer(2089858483,0ecaa5967403d082aa24f35e1b516d23) Generated GUIDs only implemented for interfaces!
 -> (artifact id: '0521ca8535160456ae5e8b7e1d2c42b6') in 0.004812 seconds 
========================================================================
Received Import Request.
  Time since last request: 0.000012 seconds.
  path: Assets/Asset FTTGR/Sprites/Environment/Decorations/Rag.png
  artifactKey: Guid(23ffc46ccf1cdd341ba3e8a99ff029ff) Importer(2089858483,0ecaa5967403d082aa24f35e1b516d23)
Start importing Assets/Asset FTTGR/Sprites/Environment/Decorations/Rag.png using Guid(23ffc46ccf1cdd341ba3e8a99ff029ff) Importer(2089858483,0ecaa5967403d082aa24f35e1b516d23) Generated GUIDs only implemented for interfaces!
 -> (artifact id: 'efb9ca5fc1f6c587ffcbbf04e41ce496') in 0.023266 seconds 
========================================================================
Received Import Request.
  Time since last request: 0.000015 seconds.
  path: Assets/Asset FTTGR/Animations/Environment/Decorations/Grasses/Grass2/Idle.anim
  artifactKey: Guid(cf7728e6ea9412d42b9683e78de19a77) Importer(2089858483,0ecaa5967403d082aa24f35e1b516d23)
Start importing Assets/Asset FTTGR/Animations/Environment/Decorations/Grasses/Grass2/Idle.anim using Guid(cf7728e6ea9412d42b9683e78de19a77) Importer(2089858483,0ecaa5967403d082aa24f35e1b516d23) Generated GUIDs only implemented for interfaces!
 -> (artifact id: '6224421656df0cfc5a6fa249954dfe2f') in 0.007727 seconds 
========================================================================
Received Prepare
Refreshing native plugins compatible for Editor in 7.86 ms, found 4 plugins.
Preloading 0 native plugins for Editor in 0.00 ms.
Unloading 86 Unused Serialized files (Serialized files now loaded: 0)
Unloading 27 unused Assets / (0.7 MB). Loaded Objects now: 5735.
Memory consumption went from 98.7 MB to 98.0 MB.
Total: 4.242300 ms (FindLiveObjects: 0.406700 ms CreateObjectMapping: 0.131600 ms MarkObjects: 3.415900 ms  DeleteObjects: 0.287500 ms)

AssetImportParameters requested are different than current active one (requested -> active):
  custom:video-decoder-ogg-theora: a1e56fd34408186e4bbccfd4996cb3dc -> 
  custom:container-muxer-webm: aa71ff27fc2769a1b78a27578f13a17b -> 
  custom:container-demuxer-webm: 4f35f7cbe854078d1ac9338744f61a02 -> 
  custom:video-encoder-webm-vp8: eb34c28f22e8b96e1ab97ce403110664 -> 
  custom:audio-encoder-webm-vorbis: bf7c407c2cedff20999df2af8eb42d56 -> 
  custom:framework-win-MediaFoundation: 216162199b28c13a410421893ffa2e32 -> 
  custom:SearchIndexIgnoredProperties: e643bd26f0fe6173181afceb89e7c659 -> 
  custom:container-demuxer-ogg: 62fdf1f143b41e24485cea50d1cbac27 -> 
  custom:video-decoder-webm-vp8: 9c59270c3fd7afecdb556c50c9e8de78 -> 
  custom:audio-decoder-ogg-vorbis: bf7c407c2cedff20999df2af8eb42d56 -> 
Editor requested this worker to shutdown with reason: Scaling down because of idle timeout
AssetImportWorker is now disconnected from the server
Process exiting
Exiting without the bug reporter. Application will terminate with return code 0